2015-03-10 19:11:15.290 matchupPT[2070:93751] DiskCookieStorage changing policy from 2 to 0, cookie file: file:///Users/Sam/Library/Developer/CoreSimulator/Devices/568CDD4E-91EC-4C13-B769-696F7EA68448/data/Containers/Data/Application/35AF3F7E-588E-4D87-80B3-4BFCC8071254/Library/Cookies/Cookies.binarycookies
2015-03-10 19:11:15.740 matchupPT[2070:93751] Apache Cordova native platform version 3.8.0 is starting.
2015-03-10 19:11:15.741 matchupPT[2070:93751] Multi-tasking -> Device: YES, App: YES
2015-03-10 19:11:15.771 matchupPT[2070:93751] Unlimited access to network resources
2015-03-10 19:11:16.407 matchupPT[2070:93751] [CDVTimer][keyboard] 0.122011ms
2015-03-10 19:11:16.407 matchupPT[2070:93751] [CDVTimer][TotalPluginStartup] 0.485003ms
2015-03-10 19:11:17.639 matchupPT[2070:93751] Resetting plugins due to page load.
2015-03-10 19:11:18.211 matchupPT[2070:93751] Finished load of: file:///Users/Sam/Library/Developer/CoreSimulator/Devices/568CDD4E-91EC-4C13-B769-696F7EA68448/data/Containers/Bundle/Application/99A89BAC-09E1-4EA8-8BA5-7F458F4A5960/matchupPT.app/www/index.html
2015-03-10 19:24:35.086 matchupPT[2070:98138] Terminating since there is no system app.
2015-03-10 19:31:07.642 matchupPT[2376:101571] DiskCookieStorage changing policy from 2 to 0, cookie file: file:///Users/Sam/Library/Developer/CoreSimulator/Devices/568CDD4E-91EC-4C13-B769-696F7EA68448/data/Containers/Data/Application/9925574A-19C5-41B0-B77C-0DE9200E7FE9/Library/Cookies/Cookies.binarycookies
2015-03-10 19:31:08.099 matchupPT[2376:101571] Apache Cordova native platform version 3.8.0 is starting.
2015-03-10 19:31:08.099 matchupPT[2376:101571] Multi-tasking -> Device: YES, App: YES
2015-03-10 19:31:08.122 matchupPT[2376:101571] Unlimited access to network resources
2015-03-10 19:31:08.836 matchupPT[2376:101571] [CDVTimer][keyboard] 0.131011ms
2015-03-10 19:31:08.837 matchupPT[2376:101571] [CDVTimer][TotalPluginStartup] 0.495017ms
2015-03-10 19:31:09.242 matchupPT[2376:101571] Resetting plugins due to page load.
2015-03-10 19:31:09.747 matchupPT[2376:101571] Finished load of: file:///Users/Sam/Library/Developer/CoreSimulator/Devices/568CDD4E-91EC-4C13-B769-696F7EA68448/data/Containers/Bundle/Application/AFF014CF-E20A-4DC7-8784-62335158E29B/matchupPT.app/www/index.html
2015-03-10 19:49:22.243 matchupPT[2624:106900] DiskCookieStorage changing policy from 2 to 0, cookie file: file:///Users/Sam/Library/Developer/CoreSimulator/Devices/568CDD4E-91EC-4C13-B769-696F7EA68448/data/Containers/Data/Application/3BB5B23C-C897-4145-B8B1-82500552FE5F/Library/Cookies/Cookies.binarycookies
2015-03-10 19:49:22.626 matchupPT[2624:106900] Apache Cordova native platform version 3.8.0 is starting.
2015-03-10 19:49:22.626 matchupPT[2624:106900] Multi-tasking -> Device: YES, App: YES
2015-03-10 19:49:22.651 matchupPT[2624:106900] Unlimited access to network resources
2015-03-10 19:49:23.352 matchupPT[2624:106900] [CDVTimer][keyboard] 0.069022ms
2015-03-10 19:49:23.352 matchupPT[2624:106900] [CDVTimer][TotalPluginStartup] 0.293016ms
2015-03-10 19:49:23.728 matchupPT[2624:106900] Resetting plugins due to page load.
2015-03-10 19:49:24.303 matchupPT[2624:106900] Finished load of: file:///Users/Sam/Library/Developer/CoreSimulator/Devices/568CDD4E-91EC-4C13-B769-696F7EA68448/data/Containers/Bundle/Application/2182621C-173F-485B-932F-43E683F8D055/matchupPT.app/www/index.html
2015-03-10 20:03:29.002 matchupPT[2861:112161] DiskCookieStorage changing policy from 2 to 0, cookie file: file:///Users/Sam/Library/Developer/CoreSimulator/Devices/568CDD4E-91EC-4C13-B769-696F7EA68448/data/Containers/Data/Application/579B458F-5CC9-4304-B5E5-B6603679BD7D/Library/Cookies/Cookies.binarycookies
2015-03-10 20:03:29.391 matchupPT[2861:112161] Apache Cordova native platform version 3.8.0 is starting.
2015-03-10 20:03:29.392 matchupPT[2861:112161] Multi-tasking -> Device: YES, App: YES
2015-03-10 20:03:29.418 matchupPT[2861:112161] Unlimited access to network resources
2015-03-10 20:03:30.140 matchupPT[2861:112161] [CDVTimer][keyboard] 0.126004ms
2015-03-10 20:03:30.140 matchupPT[2861:112161] [CDVTimer][TotalPluginStartup] 0.492036ms
2015-03-10 20:03:30.598 matchupPT[2861:112161] Resetting plugins due to page load.
2015-03-10 20:03:31.233 matchupPT[2861:112161] Finished load of: file:///Users/Sam/Library/Developer/CoreSimulator/Devices/568CDD4E-91EC-4C13-B769-696F7EA68448/data/Containers/Bundle/Application/2C93A20F-4D71-4763-B1D7-CFCCB7BDFD84/matchupPT.app/www/index.html
2015-03-11 12:50:50.164 matchupPT[1600:70177] DiskCookieStorage changing policy from 2 to 0, cookie file: file:///Users/Sam/Library/Developer/CoreSimulator/Devices/568CDD4E-91EC-4C13-B769-696F7EA68448/data/Containers/Data/Application/A93B667F-3357-4B42-B5C6-FAEB143B595C/Library/Cookies/Cookies.binarycookies
2015-03-11 12:50:50.591 matchupPT[1600:70177] Apache Cordova native platform version 3.8.0 is starting.
2015-03-11 12:50:50.592 matchupPT[1600:70177] Multi-tasking -> Device: YES, App: YES
2015-03-11 12:50:50.613 matchupPT[1600:70177] Unlimited access to network resources
2015-03-11 12:50:51.318 matchupPT[1600:70177] [CDVTimer][keyboard] 0.069976ms
2015-03-11 12:50:51.318 matchupPT[1600:70177] [CDVTimer][TotalPluginStartup] 0.277996ms
2015-03-11 12:50:51.748 matchupPT[1600:70177] Resetting plugins due to page load.
2015-03-11 12:50:52.275 matchupPT[1600:70177] Finished load of: file:///Users/Sam/Library/Developer/CoreSimulator/Devices/568CDD4E-91EC-4C13-B769-696F7EA68448/data/Containers/Bundle/Application/36493221-492D-4FB6-B26D-C1C766CDC3A8/matchupPT.app/www/index.html
2015-03-11 12:51:57.309 matchupPT[1772:71182] DiskCookieStorage changing policy from 2 to 0, cookie file: file:///Users/Sam/Library/Developer/CoreSimulator/Devices/568CDD4E-91EC-4C13-B769-696F7EA68448/data/Containers/Data/Application/682AFFF8-2A79-4D41-BF99-5C43F4375CB8/Library/Cookies/Cookies.binarycookies
2015-03-11 12:51:57.426 matchupPT[1772:71182] Apache Cordova native platform version 3.8.0 is starting.
2015-03-11 12:51:57.427 matchupPT[1772:71182] Multi-tasking -> Device: YES, App: YES
2015-03-11 12:51:57.428 matchupPT[1772:71182] Unlimited access to network resources
2015-03-11 12:51:57.649 matchupPT[1772:71182] [CDVTimer][keyboard] 0.061035ms
2015-03-11 12:51:57.650 matchupPT[1772:71182] [CDVTimer][TotalPluginStartup] 0.245988ms
2015-03-11 12:51:57.853 matchupPT[1772:71182] Resetting plugins due to page load.
2015-03-11 12:51:58.167 matchupPT[1772:71182] Finished load of: file:///Users/Sam/Library/Developer/CoreSimulator/Devices/568CDD4E-91EC-4C13-B769-696F7EA68448/data/Containers/Bundle/Application/052CEE9F-CB19-427D-A425-4C71A6583AA1/matchupPT.app/www/index.html
2015-03-11 12:52:10.855 matchupPT[1855:71578] DiskCookieStorage changing policy from 2 to 0, cookie file: file:///Users/Sam/Library/Developer/CoreSimulator/Devices/568CDD4E-91EC-4C13-B769-696F7EA68448/data/Containers/Data/Application/D6EC6A2B-1910-4940-A9BD-3D07DB42B26D/Library/Cookies/Cookies.binarycookies
2015-03-11 12:52:10.988 matchupPT[1855:71578] Apache Cordova native platform version 3.8.0 is starting.
2015-03-11 12:52:10.988 matchupPT[1855:71578] Multi-tasking -> Device: YES, App: YES
2015-03-11 12:52:10.990 matchupPT[1855:71578] Unlimited access to network resources
2015-03-11 12:52:11.255 matchupPT[1855:71578] [CDVTimer][keyboard] 0.064015ms
2015-03-11 12:52:11.255 matchupPT[1855:71578] [CDVTimer][TotalPluginStartup] 0.250041ms
2015-03-11 12:52:11.326 matchupPT[1855:71578] Resetting plugins due to page load.
2015-03-11 12:52:11.619 matchupPT[1855:71578] Finished load of: file:///Users/Sam/Library/Developer/CoreSimulator/Devices/568CDD4E-91EC-4C13-B769-696F7EA68448/data/Containers/Bundle/Application/C521159C-5A66-47C1-8B13-E3D419F2A9E5/matchupPT.app/www/index.html
2015-03-11 12:52:33.352 matchupPT[1979:72377] DiskCookieStorage changing policy from 2 to 0, cookie file: file:///Users/Sam/Library/Developer/CoreSimulator/Devices/568CDD4E-91EC-4C13-B769-696F7EA68448/data/Containers/Data/Application/811C4997-3097-4C65-8D9E-3773D966C718/Library/Cookies/Cookies.binarycookies
2015-03-11 12:52:33.484 matchupPT[1979:72377] Apache Cordova native platform version 3.8.0 is starting.
2015-03-11 12:52:33.485 matchupPT[1979:72377] Multi-tasking -> Device: YES, App: YES
2015-03-11 12:52:33.487 matchupPT[1979:72377] Unlimited access to network resources
2015-03-11 12:52:33.748 matchupPT[1979:72377] [CDVTimer][keyboard] 0.072002ms
2015-03-11 12:52:33.748 matchupPT[1979:72377] [CDVTimer][TotalPluginStartup] 0.263989ms
2015-03-11 12:52:33.934 matchupPT[1979:72377] Resetting plugins due to page load.
2015-03-11 12:52:34.391 matchupPT[1979:72377] Finished load of: file:///Users/Sam/Library/Developer/CoreSimulator/Devices/568CDD4E-91EC-4C13-B769-696F7EA68448/data/Containers/Bundle/Application/520050E9-91B5-4117-8C0F-92EDB637F906/matchupPT.app/www/index.html
2015-03-11 14:25:59.537 matchupPT[2409:90949] DiskCookieStorage changing policy from 2 to 0, cookie file: file:///Users/Sam/Library/Developer/CoreSimulator/Devices/568CDD4E-91EC-4C13-B769-696F7EA68448/data/Containers/Data/Application/023251A3-FC00-4A2B-A556-B409AB29303B/Library/Cookies/Cookies.binarycookies
2015-03-11 14:25:59.915 matchupPT[2409:90949] Apache Cordova native platform version 3.8.0 is starting.
2015-03-11 14:25:59.915 matchupPT[2409:90949] Multi-tasking -> Device: YES, App: YES
2015-03-11 14:25:59.944 matchupPT[2409:90949] Unlimited access to network resources
2015-03-11 14:26:00.533 matchupPT[2409:90949] [CDVTimer][keyboard] 0.079989ms
2015-03-11 14:26:00.533 matchupPT[2409:90949] [CDVTimer][TotalPluginStartup] 0.725031ms
2015-03-11 14:26:00.994 matchupPT[2409:90949] Resetting plugins due to page load.
2015-03-11 14:26:01.461 matchupPT[2409:90949] Finished load of: file:///Users/Sam/Library/Developer/CoreSimulator/Devices/568CDD4E-91EC-4C13-B769-696F7EA68448/data/Containers/Bundle/Application/001B9D6B-23A2-4D32-9476-F1AF42B263F9/matchupPT.app/www/index.html#/home
